  5주차실습.c
C:\Users\wldbs\source\repos\5주차실습\5주차실습\5주차실습.c(22,2): error C2061: 구문 오류: 식별자 'TreeNode'
C:\Users\wldbs\source\repos\5주차실습\5주차실습\5주차실습.c(23,1): error C2059: 구문 오류: '}'
C:\Users\wldbs\source\repos\5주차실습\5주차실습\5주차실습.c(32,22): error C2143: 구문 오류: ')'이(가) '*' 앞에 없습니다.
C:\Users\wldbs\source\repos\5주차실습\5주차실습\5주차실습.c(32,22): error C2143: 구문 오류: '{'이(가) '*' 앞에 없습니다.
C:\Users\wldbs\source\repos\5주차실습\5주차실습\5주차실습.c(32,25): error C2059: 구문 오류: ')'
C:\Users\wldbs\source\repos\5주차실습\5주차실습\5주차실습.c(33,1): error C2054: 'p' 다음에 '('가 필요합니다.
C:\Users\wldbs\source\repos\5주차실습\5주차실습\5주차실습.c(43,9): error C2143: 구문 오류: '{'이(가) '*' 앞에 없습니다.
C:\Users\wldbs\source\repos\5주차실습\5주차실습\5주차실습.c(43,26): error C2143: 구문 오류: ')'이(가) '*' 앞에 없습니다.
C:\Users\wldbs\source\repos\5주차실습\5주차실습\5주차실습.c(43,26): error C2143: 구문 오류: '{'이(가) '*' 앞에 없습니다.
C:\Users\wldbs\source\repos\5주차실습\5주차실습\5주차실습.c(43,34): error C2371: 'element': 재정의. 기본 형식이 다릅니다.
C:\Users\wldbs\source\repos\5주차실습\5주차실습\5주차실습.c(18): message : 'element' 선언을 참조하십시오.
C:\Users\wldbs\source\repos\5주차실습\5주차실습\5주차실습.c(43,42): error C2146: 구문 오류: ';'이(가) 'key' 식별자 앞에 없습니다.
C:\Users\wldbs\source\repos\5주차실습\5주차실습\5주차실습.c(43,45): error C2059: 구문 오류: ')'
C:\Users\wldbs\source\repos\5주차실습\5주차실습\5주차실습.c(44,1): error C2054: 'key' 다음에 '('가 필요합니다.
C:\Users\wldbs\source\repos\5주차실습\5주차실습\5주차실습.c(57,9): error C2143: 구문 오류: '{'이(가) '*' 앞에 없습니다.
C:\Users\wldbs\source\repos\5주차실습\5주차실습\5주차실습.c(59,10): error C2065: 'TreeNode': 선언되지 않은 식별자입니다.
C:\Users\wldbs\source\repos\5주차실습\5주차실습\5주차실습.c(59,17): error C2065: 'temp': 선언되지 않은 식별자입니다.
C:\Users\wldbs\source\repos\5주차실습\5주차실습\5주차실습.c(59,28): error C2065: 'TreeNode': 선언되지 않은 식별자입니다.
C:\Users\wldbs\source\repos\5주차실습\5주차실습\5주차실습.c(59,29): error C2059: 구문 오류: ')'
C:\Users\wldbs\source\repos\5주차실습\5주차실습\5주차실습.c(60,6): error C2065: 'temp': 선언되지 않은 식별자입니다.
C:\Users\wldbs\source\repos\5주차실습\5주차실습\5주차실습.c(60,8): error C2223: '->key' 왼쪽은 구조체/공용 구조체를 가리켜야 합니다.
C:\Users\wldbs\source\repos\5주차실습\5주차실습\5주차실습.c(61,6): error C2065: 'temp': 선언되지 않은 식별자입니다.
C:\Users\wldbs\source\repos\5주차실습\5주차실습\5주차실습.c(61,8): error C2223: '->left' 왼쪽은 구조체/공용 구조체를 가리켜야 합니다.
C:\Users\wldbs\source\repos\5주차실습\5주차실습\5주차실습.c(61,19): error C2065: 'temp': 선언되지 않은 식별자입니다.
C:\Users\wldbs\source\repos\5주차실습\5주차실습\5주차실습.c(61,21): error C2223: '->right' 왼쪽은 구조체/공용 구조체를 가리켜야 합니다.
C:\Users\wldbs\source\repos\5주차실습\5주차실습\5주차실습.c(62,13): error C2065: 'temp': 선언되지 않은 식별자입니다.
C:\Users\wldbs\source\repos\5주차실습\5주차실습\5주차실습.c(62,13): warning C4047: 'return': 'int *'의 간접 참조 수준이 'int'과(와) 다릅니다.
C:\Users\wldbs\source\repos\5주차실습\5주차실습\5주차실습.c(64,9): error C2143: 구문 오류: '{'이(가) '*' 앞에 없습니다.
C:\Users\wldbs\source\repos\5주차실습\5주차실습\5주차실습.c(64,31): error C2143: 구문 오류: ')'이(가) '*' 앞에 없습니다.
C:\Users\wldbs\source\repos\5주차실습\5주차실습\5주차실습.c(64,31): error C2143: 구문 오류: '{'이(가) '*' 앞에 없습니다.
C:\Users\wldbs\source\repos\5주차실습\5주차실습\5주차실습.c(64,39): error C2371: 'element': 재정의. 기본 형식이 다릅니다.
C:\Users\wldbs\source\repos\5주차실습\5주차실습\5주차실습.c(18): message : 'element' 선언을 참조하십시오.
C:\Users\wldbs\source\repos\5주차실습\5주차실습\5주차실습.c(64,47): error C2146: 구문 오류: ';'이(가) 'key' 식별자 앞에 없습니다.
C:\Users\wldbs\source\repos\5주차실습\5주차실습\5주차실습.c(64,50): error C2059: 구문 오류: ')'
C:\Users\wldbs\source\repos\5주차실습\5주차실습\5주차실습.c(65,1): error C2054: 'key' 다음에 '('가 필요합니다.
C:\Users\wldbs\source\repos\5주차실습\5주차실습\5주차실습.c(77,9): error C2143: 구문 오류: '{'이(가) '*' 앞에 없습니다.
C:\Users\wldbs\source\repos\5주차실습\5주차실습\5주차실습.c(77,34): error C2143: 구문 오류: ')'이(가) '*' 앞에 없습니다.
C:\Users\wldbs\source\repos\5주차실습\5주차실습\5주차실습.c(77,34): error C2143: 구문 오류: '{'이(가) '*' 앞에 없습니다.
C:\Users\wldbs\source\repos\5주차실습\5주차실습\5주차실습.c(77,40): error C2059: 구문 오류: ')'
C:\Users\wldbs\source\repos\5주차실습\5주차실습\5주차실습.c(78,1): error C2054: 'node' 다음에 '('가 필요합니다.
C:\Users\wldbs\source\repos\5주차실습\5주차실습\5주차실습.c(86,9): error C2143: 구문 오류: '{'이(가) '*' 앞에 없습니다.
C:\Users\wldbs\source\repos\5주차실습\5주차실습\5주차실습.c(86,31): error C2143: 구문 오류: ')'이(가) '*' 앞에 없습니다.
C:\Users\wldbs\source\repos\5주차실습\5주차실습\5주차실습.c(86,31): error C2143: 구문 오류: '{'이(가) '*' 앞에 없습니다.
C:\Users\wldbs\source\repos\5주차실습\5주차실습\5주차실습.c(86,39): error C2371: 'element': 재정의. 기본 형식이 다릅니다.
C:\Users\wldbs\source\repos\5주차실습\5주차실습\5주차실습.c(18): message : 'element' 선언을 참조하십시오.
C:\Users\wldbs\source\repos\5주차실습\5주차실습\5주차실습.c(86,47): error C2146: 구문 오류: ';'이(가) 'key' 식별자 앞에 없습니다.
C:\Users\wldbs\source\repos\5주차실습\5주차실습\5주차실습.c(86,50): error C2059: 구문 오류: ')'
C:\Users\wldbs\source\repos\5주차실습\5주차실습\5주차실습.c(87,1): error C2054: 'key' 다음에 '('가 필요합니다.
C:\Users\wldbs\source\repos\5주차실습\5주차실습\5주차실습.c(128,10): error C2065: 'TreeNode': 선언되지 않은 식별자입니다.
C:\Users\wldbs\source\repos\5주차실습\5주차실습\5주차실습.c(128,17): error C2297: '*': 오른쪽 피연산자 형식으로 'int *'을(를) 사용할 수 없습니다.
C:\Users\wldbs\source\repos\5주차실습\5주차실습\5주차실습.c(129,10): error C2065: 'TreeNode': 선언되지 않은 식별자입니다.
C:\Users\wldbs\source\repos\5주차실습\5주차실습\5주차실습.c(129,15): error C2065: 'tmp': 선언되지 않은 식별자입니다.
C:\Users\wldbs\source\repos\5주차실습\5주차실습\5주차실습.c(129,10): warning C4552: '*': 식의 결과가 사용되지 않습니다.
